#
# A fatal error has been detected by the Java Runtime Environment:
#
#  EXCEPTION_ACCESS_VIOLATION (0xc0000005) at pc=0x00000000541510ce, pid=3920, tid=0x00000000000012ac
#
# JRE version: Java(TM) SE Runtime Environment (8.0_121-b13) (build 1.8.0_121-b13)
# Java VM: Java HotSpot(TM) 64-Bit Server VM (25.121-b13 mixed mode windows-amd64 compressed oops)
# Problematic frame:
# C  [jdwp.dll+0x210ce]
#
# Failed to write core dump. Minidumps are not enabled by default on client versions of Windows
#
# If you would like to submit a bug report, please visit:
#   http://bugreport.java.com/bugreport/crash.jsp
# The crash happened outside the Java Virtual Machine in native code.
# See problematic frame for where to report the bug.
#

---------------  T H R E A D  ---------------

Current thread (0x0000000016816000):  JavaThread "JDWP Command Reader" daemon [_thread_in_native, id=4780, stack(0x0000000016e10000,0x0000000016f10000)]

siginfo: ExceptionCode=0xc0000005, reading address 0x0000000000000000

Registers:
RAX=0x000000005415f5a0, RBX=0x0000000016816000, RCX=0x0000000000000000, RDX=0x0000000014f2f090
RSP=0x0000000016f0f6f0, RBP=0x0000000016f0f7c0, RSI=0x0000000014f2f090, RDI=0x0000000016a6a220
R8 =0x0000000016f0f498, R9 =0x0000000016f0f4f0, R10=0x0000000000000000, R11=0x0000000016f0f6a0
R12=0x00000000541591d8, R13=0x0000000014f3eda8, R14=0x0000000000000000, R15=0x0000000000000000
RIP=0x00000000541510ce, EFLAGS=0x0000000000010206

Top of Stack: (sp=0x0000000016f0f6f0)
0x0000000016f0f6f0:   0000000016f0f7a0 0000000016f0f7c0
0x0000000016f0f700:   0000000000000004 0000000053a37295
0x0000000016f0f710:   0000000016a6a220 000000005414fad1
0x0000000016f0f720:   0000000016f0f7a0 0000000000000013
0x0000000016f0f730:   0000000014f3e9c0 000000005382887d
0x0000000016f0f740:   0000000016a6a220 000000005413ee9b
0x0000000016f0f750:   0000000016816000 0000000014f3e9c0
0x0000000016f0f760:   0000000014f3e9c0 00000000539d30d3
0x0000000016f0f770:   0000000016816001 00000000026891f0
0x0000000016f0f780:   0000000016816000 0000000014f32c60
0x0000000016f0f790:   0000000014f37710 000000005390cc1b
0x0000000016f0f7a0:   0000094700000000 0000000014010900
0x0000000016f0f7b0:   0000000014f3b4e0 0000000016816000
0x0000000016f0f7c0:   00000000000003d8 00000000539dd548
0x0000000016f0f7d0:   0000000016816000 0000000014f37710
0x0000000016f0f7e0:   0000000014f3e9d0 00000000000000d8 

Instructions: (pc=0x00000000541510ce)
0x00000000541510ae:   8b c8 e8 cb bb ff ff 84 c0 75 08 48 8b cb e8 53
0x00000000541510be:   c6 ff ff 48 8b 05 20 ec 00 00 48 8b d6 48 8b 08
0x00000000541510ce:   48 8b 01 ff 90 00 01 00 00 8b c8 e8 62 ff ff ff
0x00000000541510de:   8b f8 83 f8 34 74 bb 85 c0 74 61 8b c8 e8 c0 e2 


Register to memory mapping:

RAX=0x000000005415f5a0 is an unknown value
RBX=0x0000000016816000 is a thread
RCX=0x0000000000000000 is an unknown value
RDX=0x0000000014f2f090 is an unknown value
RSP=0x0000000016f0f6f0 is pointing into the stack for thread: 0x0000000016816000
RBP=0x0000000016f0f7c0 is pointing into the stack for thread: 0x0000000016816000
RSI=0x0000000014f2f090 is an unknown value
RDI=0x0000000016a6a220 is an unknown value
R8 =0x0000000016f0f498 is pointing into the stack for thread: 0x0000000016816000
R9 =0x0000000016f0f4f0 is pointing into the stack for thread: 0x0000000016816000
R10=0x0000000000000000 is an unknown value
R11=0x0000000016f0f6a0 is pointing into the stack for thread: 0x0000000016816000
R12=0x00000000541591d8 is an unknown value
R13=0x0000000014f3eda8 is an unknown value
R14=0x0000000000000000 is an unknown value
R15=0x0000000000000000 is an unknown value


Stack: [0x0000000016e10000,0x0000000016f10000],  sp=0x0000000016f0f6f0,  free space=1021k
Native frames: (J=compiled Java code, j=interpreted, Vv=VM code, C=native code)
C  [jdwp.dll+0x210ce]
C  [jdwp.dll+0xee9b]
V  [jvm.dll+0x1bd548]
V  [jvm.dll+0x244e1f]
V  [jvm.dll+0x29c69a]
C  [msvcr100.dll+0x21d9f]
C  [msvcr100.dll+0x21e3b]
C  [KERNEL32.DLL+0x13d2]
C  [ntdll.dll+0x154e4]


---------------  P R O C E S S  ---------------

Java Threads: ( => current thread )
  0x00000000168b0800 JavaThread "Service Thread" daemon [_thread_blocked, id=5480, stack(0x0000000017210000,0x0000000017310000)]
  0x000000001682f800 JavaThread "C1 CompilerThread2" daemon [_thread_blocked, id=3684, stack(0x0000000017110000,0x0000000017210000)]
  0x0000000016824800 JavaThread "C2 CompilerThread1" daemon [_thread_blocked, id=4960, stack(0x0000000017010000,0x0000000017110000)]
  0x0000000016820800 JavaThread "C2 CompilerThread0" daemon [_thread_blocked, id=5992, stack(0x0000000016f10000,0x0000000017010000)]
=>0x0000000016816000 JavaThread "JDWP Command Reader" daemon [_thread_in_native, id=4780, stack(0x0000000016e10000,0x0000000016f10000)]
  0x0000000016815000 JavaThread "JDWP Event Helper Thread" daemon [_thread_blocked, id=3452, stack(0x0000000016d10000,0x0000000016e10000)]
  0x0000000014f33000 JavaThread "JDWP Transport Listener: dt_socket" daemon [_thread_blocked, id=2588, stack(0x0000000016c10000,0x0000000016d10000)]
  0x0000000014f27800 JavaThread "Attach Listener" daemon [_thread_blocked, id=4728, stack(0x0000000016430000,0x0000000016530000)]
  0x00000000028ca800 JavaThread "Finalizer" daemon [_thread_blocked, id=2808, stack(0x0000000016150000,0x0000000016250000)]
  0x0000000014ea9000 JavaThread "Reference Handler" daemon [_thread_blocked, id=400, stack(0x0000000016050000,0x0000000016150000)]

Other Threads:
  0x0000000014ea7800 VMThread [stack: 0x0000000015f50000,0x0000000016050000] [id=3160]

VM state:at safepoint (normal execution)

VM Mutex/Monitor currently owned by a thread:  ([mutex/lock_event])
[0x000000000268cd90] Threads_lock - owner thread: 0x0000000014ea7800
[0x000000000268c490] Heap_lock - owner thread: 0x000000000268d800

Heap:
 PSYoungGen      total 18944K, used 12370K [0x00000000eb180000, 0x00000000ec680000, 0x0000000100000000)
  eden space 16384K, 75% used [0x00000000eb180000,0x00000000ebd94b60,0x00000000ec180000)
  from space 2560K, 0% used [0x00000000ec400000,0x00000000ec400000,0x00000000ec680000)
  to   space 2560K, 0% used [0x00000000ec180000,0x00000000ec180000,0x00000000ec400000)
 ParOldGen       total 44032K, used 0K [0x00000000c1400000, 0x00000000c3f00000, 0x00000000eb180000)
  object space 44032K, 0% used [0x00000000c1400000,0x00000000c1400000,0x00000000c3f00000)
 Metaspace       used 5291K, capacity 6600K, committed 6784K, reserved 1056768K
  class space    used 585K, capacity 620K, committed 640K, reserved 1048576K

Card table byte_map: [0x0000000011c90000,0x0000000011e90000] byte_map_base: 0x0000000011686000

Marking Bits: (ParMarkBitMap*) 0x000000005403b6d0
 Begin Bits: [0x00000000123e0000, 0x0000000013390000)
 End Bits:   [0x0000000013390000, 0x0000000014340000)

Polling page: 0x0000000002600000

CodeCache: size=245760Kb used=1121Kb max_used=1121Kb free=244638Kb
 bounds [0x00000000028d0000, 0x0000000002b40000, 0x00000000118d0000]
 total_blobs=277 nmethods=29 adapters=170
 compilation: enabled

Compilation events (10 events):
Event: 0.363 Thread 0x000000001682f800   25       3       java.lang.System::getSecurityManager (4 bytes)
Event: 0.363 Thread 0x000000001682f800 nmethod 25 0x00000000029df510 code [0x00000000029df660, 0x00000000029df790]
Event: 0.364 Thread 0x000000001682f800   26       3       java.lang.AbstractStringBuilder::append (50 bytes)
Event: 0.364 Thread 0x000000001682f800 nmethod 26 0x00000000029e3990 code [0x00000000029e3b60, 0x00000000029e42b8]
Event: 14.619 Thread 0x000000001682f800   27       3       java.lang.Number::<init> (5 bytes)
Event: 14.620 Thread 0x000000001682f800 nmethod 27 0x00000000029e7f50 code [0x00000000029e80a0, 0x00000000029e8250]
Event: 14.620 Thread 0x000000001682f800   28       3       java.lang.Long::<init> (10 bytes)
Event: 14.620 Thread 0x000000001682f800 nmethod 28 0x00000000029e8310 code [0x00000000029e8480, 0x00000000029e8690]
Event: 14.620 Thread 0x000000001682f800   29       1       org.apache.poi.hssf.usermodel.HSSFRow::access$000 (5 bytes)
Event: 14.620 Thread 0x000000001682f800 nmethod 29 0x00000000029e8790 code [0x00000000029e88e0, 0x00000000029e89d0]

GC Heap History (0 events):
No events

Deoptimization events (0 events):
No events

Internal exceptions (8 events):
Event: 0.056 Thread 0x000000000268d800 Exception <a 'java/lang/NoSuchMethodError': Method sun.misc.Unsafe.defineClass(Ljava/lang/String;[BII)Ljava/lang/Class; name or signature does not match> (0x00000000eb187ca8) thrown at [C:\re\workspace\8-2-build-windows-amd64-cygwin\jdk8u121\8372\hotspot\
Event: 0.056 Thread 0x000000000268d800 Exception <a 'java/lang/NoSuchMethodError': Method sun.misc.Unsafe.prefetchRead(Ljava/lang/Object;J)V name or signature does not match> (0x00000000eb187f90) thrown at [C:\re\workspace\8-2-build-windows-amd64-cygwin\jdk8u121\8372\hotspot\src\share\vm\prims
Event: 2.369 Thread 0x000000000268d800 Exception <a 'java/security/PrivilegedActionException'> (0x00000000eb4ff430) thrown at [C:\re\workspace\8-2-build-windows-amd64-cygwin\jdk8u121\8372\hotspot\src\share\vm\prims\jvm.cpp, line 1390]
Event: 2.369 Thread 0x000000000268d800 Exception <a 'java/security/PrivilegedActionException'> (0x00000000eb4ff640) thrown at [C:\re\workspace\8-2-build-windows-amd64-cygwin\jdk8u121\8372\hotspot\src\share\vm\prims\jvm.cpp, line 1390]
Event: 2.369 Thread 0x000000000268d800 Exception <a 'java/security/PrivilegedActionException'> (0x00000000eb5000e0) thrown at [C:\re\workspace\8-2-build-windows-amd64-cygwin\jdk8u121\8372\hotspot\src\share\vm\prims\jvm.cpp, line 1390]
Event: 2.369 Thread 0x000000000268d800 Exception <a 'java/security/PrivilegedActionException'> (0x00000000eb5002f0) thrown at [C:\re\workspace\8-2-build-windows-amd64-cygwin\jdk8u121\8372\hotspot\src\share\vm\prims\jvm.cpp, line 1390]
Event: 2.370 Thread 0x000000000268d800 Exception <a 'java/security/PrivilegedActionException'> (0x00000000eb500d90) thrown at [C:\re\workspace\8-2-build-windows-amd64-cygwin\jdk8u121\8372\hotspot\src\share\vm\prims\jvm.cpp, line 1390]
Event: 2.370 Thread 0x000000000268d800 Exception <a 'java/security/PrivilegedActionException'> (0x00000000eb500fa0) thrown at [C:\re\workspace\8-2-build-windows-amd64-cygwin\jdk8u121\8372\hotspot\src\share\vm\prims\jvm.cpp, line 1390]

Events (10 events):
Event: 11.866 Executing VM operation: GetOrSetLocal
Event: 11.866 Executing VM operation: GetOrSetLocal done
Event: 14.619 loading class java/lang/Long$LongCache
Event: 14.619 loading class java/lang/Long$LongCache done
Event: 14.620 Thread 0x000000000268d800 Thread exited: 0x000000000268d800
Event: 14.620 Thread 0x000000000268d800 Thread added: 0x000000000268d800
Event: 14.620 loading class java/lang/Shutdown
Event: 14.621 loading class java/lang/Shutdown done
Event: 14.621 loading class java/lang/Shutdown$Lock
Event: 14.621 loading class java/lang/Shutdown$Lock done


Dynamic libraries:
0x00007ff7837d0000 - 0x00007ff783807000 	C:\Program Files\Java\jre1.8.0_121\bin\javaw.exe
0x00007ffe82830000 - 0x00007ffe829dd000 	C:\Windows\SYSTEM32\ntdll.dll
0x00007ffe805c0000 - 0x00007ffe806fe000 	C:\Windows\system32\KERNEL32.DLL
0x00007ffe7fd90000 - 0x00007ffe7fea5000 	C:\Windows\system32\KERNELBASE.dll
0x00007ffe7e510000 - 0x00007ffe7e59e000 	C:\Windows\system32\apphelp.dll
0x00007ffe7a3b0000 - 0x00007ffe7a403000 	C:\Windows\AppPatch\AppPatch64\AcGenral.DLL
0x00007ffe80500000 - 0x00007ffe805aa000 	C:\Windows\system32\msvcrt.dll
0x00007ffe7fd60000 - 0x00007ffe7fd8e000 	C:\Windows\system32\SspiCli.dll
0x00007ffe80c80000 - 0x00007ffe80cd4000 	C:\Windows\system32\SHLWAPI.dll
0x00007ffe807b0000 - 0x00007ffe80927000 	C:\Windows\system32\USER32.dll
0x00007ffe80f00000 - 0x00007ffe81094000 	C:\Windows\system32\ole32.dll
0x00007ffe81300000 - 0x00007ffe82829000 	C:\Windows\system32\SHELL32.dll
0x00007ffe7ef50000 - 0x00007ffe7ef71000 	C:\Windows\SYSTEM32\USERENV.dll
0x00007ffe80700000 - 0x00007ffe807aa000 	C:\Windows\system32\ADVAPI32.dll
0x00007ffe6f510000 - 0x00007ffe6f52e000 	C:\Windows\SYSTEM32\MPR.dll
0x00007ffe810a0000 - 0x00007ffe811e0000 	C:\Windows\system32\RPCRT4.dll
0x00007ffe7feb0000 - 0x00007ffe7ff09000 	C:\Windows\SYSTEM32\sechost.dll
0x00007ffe80ce0000 - 0x00007ffe80ef2000 	C:\Windows\SYSTEM32\combase.dll
0x00007ffe80b30000 - 0x00007ffe80c7b000 	C:\Windows\system32\GDI32.dll
0x00007ffe7f950000 - 0x00007ffe7f965000 	C:\Windows\SYSTEM32\profapi.dll
0x00007ffe7dd30000 - 0x00007ffe7dde2000 	C:\Windows\SYSTEM32\SHCORE.dll
0x00007ffe812c0000 - 0x00007ffe812f6000 	C:\Windows\system32\IMM32.DLL
0x00007ffe7ff10000 - 0x00007ffe80062000 	C:\Windows\system32\MSCTF.dll
0x00007ffe7d3d0000 - 0x00007ffe7d64b000 	C:\Windows\WinSxS\amd64_microsoft.windows.common-controls_6595b64144ccf1df_6.0.9600.18006_none_623f33d3ecbe86e8\COMCTL32.dll
0x0000000053660000 - 0x0000000053732000 	C:\Program Files\Java\jre1.8.0_121\bin\msvcr100.dll
0x0000000053820000 - 0x00000000540bb000 	C:\Program Files\Java\jre1.8.0_121\bin\server\jvm.dll
0x00007ffe77470000 - 0x00007ffe77479000 	C:\Windows\SYSTEM32\WSOCK32.dll
0x00007ffe77510000 - 0x00007ffe77532000 	C:\Windows\SYSTEM32\WINMM.dll
0x00007ffe77b50000 - 0x00007ffe77b5a000 	C:\Windows\SYSTEM32\VERSION.dll
0x00007ffe811e0000 - 0x00007ffe811e7000 	C:\Windows\system32\PSAPI.DLL
0x00007ffe809f0000 - 0x00007ffe80a4a000 	C:\Windows\system32\WS2_32.dll
0x00007ffe774e0000 - 0x00007ffe7750a000 	C:\Windows\SYSTEM32\WINMMBASE.dll
0x00007ffe805b0000 - 0x00007ffe805b9000 	C:\Windows\system32\NSI.dll
0x00007ffe7fc00000 - 0x00007ffe7fc4f000 	C:\Windows\SYSTEM32\cfgmgr32.dll
0x00007ffe7e770000 - 0x00007ffe7e798000 	C:\Windows\SYSTEM32\DEVOBJ.dll
0x0000000053810000 - 0x000000005381f000 	C:\Program Files\Java\jre1.8.0_121\bin\verify.dll
0x00000000537e0000 - 0x0000000053809000 	C:\Program Files\Java\jre1.8.0_121\bin\java.dll
0x0000000054130000 - 0x0000000054165000 	C:\Program Files\Java\jre1.8.0_121\bin\jdwp.dll
0x0000000054120000 - 0x0000000054128000 	C:\Program Files\Java\jre1.8.0_121\bin\npt.dll
0x00000000537c0000 - 0x00000000537d6000 	C:\Program Files\Java\jre1.8.0_121\bin\zip.dll
0x0000000054110000 - 0x0000000054119000 	C:\Program Files\Java\jre1.8.0_121\bin\dt_socket.dll
0x00007ffe6d4d0000 - 0x00007ffe6d4e5000 	C:\Windows\system32\napinsp.dll
0x00007ffe6d430000 - 0x00007ffe6d44a000 	C:\Windows\system32\pnrpnsp.dll
0x00007ffe7ae50000 - 0x00007ffe7ae6b000 	C:\Windows\system32\NLAapi.dll
0x00007ffe7f1c0000 - 0x00007ffe7f219000 	C:\Windows\System32\mswsock.dll
0x00007ffe7efc0000 - 0x00007ffe7f064000 	C:\Windows\SYSTEM32\DNSAPI.dll
0x00007ffe6d420000 - 0x00007ffe6d42d000 	C:\Windows\System32\winrnr.dll
0x00007ffe6d3b0000 - 0x00007ffe6d3c4000 	C:\Windows\system32\wshbth.dll
0x00007ffe79970000 - 0x00007ffe799db000 	C:\Windows\System32\fwpuclnt.dll
0x00007ffe721e0000 - 0x00007ffe721ea000 	C:\Windows\System32\rasadhlp.dll
0x00007ffe6cc70000 - 0x00007ffe6cdf9000 	C:\Windows\SYSTEM32\dbghelp.dll

VM Arguments:
jvm_args: -agentlib:jdwp=transport=dt_socket,suspend=y,address=localhost:59793 -Dfile.encoding=Cp1258 
java_command: createAndDeleteFolder.readXLS
java_class_path (initial): D:\hoannc\Project\BPM\code create delete folder logic\ToolCreateFolder\bin;D:\hoannc\lib\log4j-1.2.14.jar;D:\hoannc\lib\stax-api.jar;D:\hoannc\lib\xlxpScanner.jar;D:\hoannc\lib\xlxpScannerUtils.jar;D:\hoannc\lib\p8cel10n.jar;D:\hoannc\lib\Jace.jar;D:\hoannc\lib\psclnt.jar;D:\hoannc\lib\poi-ooxml-3.7.jar;D:\hoannc\lib\poi-3.9.jar
Launcher Type: SUN_STANDARD

Environment Variables:
PATH=C:/Program Files/Java/jre1.8.0_121/bin/server;C:/Program Files/Java/jre1.8.0_121/bin;C:/Program Files/Java/jre1.8.0_121/lib/amd64;C:\ProgramData\Oracle\Java\javapath;C:\Windows\system32;C:\Windows;C:\Windows\System32\Wbem;C:\Windows\System32\WindowsPowerShell\v1.0\;C:\Program Files (x86)\instantclient;C:\Program Files (x86)\Skype\Phone\;C:\Program Files\OpenVPN\bin;D:\hoannc\IDE\eclipse;
USERNAME=Hoan123
OS=Windows_NT
PROCESSOR_IDENTIFIER=Intel64 Family 6 Model 61 Stepping 4, GenuineIntel



---------------  S Y S T E M  ---------------

OS: Windows 8.1 , 64 bit Build 9600 (6.3.9600.17415)

CPU:total 4 (2 cores per cpu, 2 threads per core) family 6 model 61 stepping 4, cmov, cx8, fxsr, mmx, sse, sse2, sse3, ssse3, sse4.1, sse4.2, popcnt, avx, avx2, aes, clmul, erms, 3dnowpref, lzcnt, ht, tsc, tscinvbit, bmi1, bmi2, adx

Memory: 4k page, physical 4106744k(926720k free), swap 6007288k(1204604k free)

vm_info: Java HotSpot(TM) 64-Bit Server VM (25.121-b13) for windows-amd64 JRE (1.8.0_121-b13), built on Dec 12 2016 18:21:36 by "java_re" with MS VC++ 10.0 (VS2010)

time: Tue Aug 01 10:13:19 2017
elapsed time: 14 seconds (0d 0h 0m 14s)

